<?xml version="1.0" encoding="UTF-8"?>
<!-- Generated by org.testng.reporters.JUnitReportReporter -->
<testsuite hostname="LAPTOP-4TLH6CQN" failures="0" tests="3" name="Testngintro.Intro1" time="0.017" errors="0" timestamp="2022-10-02T13:40:04 IST" skipped="0">
  <testcase classname="Testngintro.Intro1" name="method2" time="0.002"/>
  <system-out/>
  <testcase classname="Testngintro.Intro1" name="method1" time="0.013"/>
  <system-out/>
  <testcase classname="Testngintro.Intro1" name="method3" time="0.002"/>
  <system-out/>
</testsuite> <!-- Testngintro.Intro1 -->
